[15-Nov-2019 11:18:10 America/Costa_Rica] PHP Notice:  Undefined index: signo in /home/h1000117/public_html/StockAPP-master/consulta.php on line 182
[15-Nov-2019 11:18:59 America/Costa_Rica] PHP Notice:  Undefined index: signo in /home/h1000117/public_html/StockAPP-master/consulta.php on line 182
[15-Nov-2019 11:19:01 America/Costa_Rica] PHP Notice:  Undefined index: signo in /home/h1000117/public_html/StockAPP-master/consulta.php on line 182
[15-Nov-2019 11:20:46 America/Costa_Rica] PHP Notice:  Undefined index: Signo in /home/h1000117/public_html/StockAPP-master/consulta.php on line 182
[15-Nov-2019 11:27:04 America/Costa_Rica] PHP Notice:  Undefined index: id in /home/h1000117/public_html/StockAPP-master/consulta.php on line 182
[15-Nov-2019 11:27:04 America/Costa_Rica] PHP Notice:  Undefined index: moneda in /home/h1000117/public_html/StockAPP-master/consulta.php on line 183
[15-Nov-2019 11:27:04 America/Costa_Rica] PHP Notice:  Undefined index: signo in /home/h1000117/public_html/StockAPP-master/consulta.php on line 184
[15-Nov-2019 11:27:04 America/Costa_Rica] PHP Notice:  Undefined index: rango in /home/h1000117/public_html/StockAPP-master/consulta.php on line 186
[15-Nov-2019 11:27:04 America/Costa_Rica] PHP Notice:  Undefined index: habilitada in /home/h1000117/public_html/StockAPP-master/consulta.php on line 187
[15-Nov-2019 11:27:56 America/Costa_Rica] PHP Notice:  Undefined index: id in /home/h1000117/public_html/StockAPP-master/consulta.php on line 182
[15-Nov-2019 11:27:56 America/Costa_Rica] PHP Notice:  Undefined index: moneda in /home/h1000117/public_html/StockAPP-master/consulta.php on line 183
[15-Nov-2019 11:27:56 America/Costa_Rica] PHP Notice:  Undefined index: signo in /home/h1000117/public_html/StockAPP-master/consulta.php on line 184
[15-Nov-2019 11:27:56 America/Costa_Rica] PHP Notice:  Undefined index: rango in /home/h1000117/public_html/StockAPP-master/consulta.php on line 186
[15-Nov-2019 11:27:56 America/Costa_Rica] PHP Notice:  Undefined index: habilitada in /home/h1000117/public_html/StockAPP-master/consulta.php on line 187
[15-Nov-2019 11:28:04 America/Costa_Rica] PHP Notice:  Undefined index: id in /home/h1000117/public_html/StockAPP-master/consulta.php on line 182
[15-Nov-2019 11:28:04 America/Costa_Rica] PHP Notice:  Undefined index: moneda in /home/h1000117/public_html/StockAPP-master/consulta.php on line 183
[15-Nov-2019 11:28:04 America/Costa_Rica] PHP Notice:  Undefined index: signo in /home/h1000117/public_html/StockAPP-master/consulta.php on line 184
[15-Nov-2019 11:28:04 America/Costa_Rica] PHP Notice:  Undefined index: rango in /home/h1000117/public_html/StockAPP-master/consulta.php on line 186
[15-Nov-2019 11:28:04 America/Costa_Rica] PHP Notice:  Undefined index: habilitada in /home/h1000117/public_html/StockAPP-master/consulta.php on line 187
[15-Nov-2019 11:28:09 America/Costa_Rica] PHP Notice:  Undefined index: id in /home/h1000117/public_html/StockAPP-master/consulta.php on line 182
[15-Nov-2019 11:28:09 America/Costa_Rica] PHP Notice:  Undefined index: moneda in /home/h1000117/public_html/StockAPP-master/consulta.php on line 183
[15-Nov-2019 11:28:09 America/Costa_Rica] PHP Notice:  Undefined index: signo in /home/h1000117/public_html/StockAPP-master/consulta.php on line 184
[15-Nov-2019 11:28:09 America/Costa_Rica] PHP Notice:  Undefined index: rango in /home/h1000117/public_html/StockAPP-master/consulta.php on line 186
[15-Nov-2019 11:28:09 America/Costa_Rica] PHP Notice:  Undefined index: habilitada in /home/h1000117/public_html/StockAPP-master/consulta.php on line 187
[15-Nov-2019 11:28:34 America/Costa_Rica] PHP Notice:  Undefined index: id in /home/h1000117/public_html/StockAPP-master/consulta.php on line 182
[15-Nov-2019 11:28:34 America/Costa_Rica] PHP Notice:  Undefined index: moneda in /home/h1000117/public_html/StockAPP-master/consulta.php on line 183
[15-Nov-2019 11:28:34 America/Costa_Rica] PHP Notice:  Undefined index: signo in /home/h1000117/public_html/StockAPP-master/consulta.php on line 184
[15-Nov-2019 11:28:34 America/Costa_Rica] PHP Notice:  Undefined index: rango in /home/h1000117/public_html/StockAPP-master/consulta.php on line 186
[15-Nov-2019 11:28:34 America/Costa_Rica] PHP Notice:  Undefined index: habilitada in /home/h1000117/public_html/StockAPP-master/consulta.php on line 187
[15-Nov-2019 11:31:16 America/Costa_Rica] PHP Notice:  Undefined index: id in /home/h1000117/public_html/StockAPP-master/consulta.php on line 182
[15-Nov-2019 11:31:16 America/Costa_Rica] PHP Notice:  Undefined index: moneda in /home/h1000117/public_html/StockAPP-master/consulta.php on line 183
[15-Nov-2019 11:31:16 America/Costa_Rica] PHP Notice:  Undefined index: signo in /home/h1000117/public_html/StockAPP-master/consulta.php on line 184
[15-Nov-2019 11:31:16 America/Costa_Rica] PHP Notice:  Undefined index: valor in /home/h1000117/public_html/StockAPP-master/consulta.php on line 185
[15-Nov-2019 11:31:16 America/Costa_Rica] PHP Notice:  Undefined index: rango in /home/h1000117/public_html/StockAPP-master/consulta.php on line 186
[15-Nov-2019 11:31:16 America/Costa_Rica] PHP Notice:  Undefined index: habilitada in /home/h1000117/public_html/StockAPP-master/consulta.php on line 187
[15-Nov-2019 11:32:30 America/Costa_Rica] PHP Notice:  Undefined index: id in /home/h1000117/public_html/StockAPP-master/consulta.php on line 182
[15-Nov-2019 11:32:30 America/Costa_Rica] PHP Notice:  Undefined index: moneda in /home/h1000117/public_html/StockAPP-master/consulta.php on line 183
[15-Nov-2019 11:32:30 America/Costa_Rica] PHP Notice:  Undefined index: signo in /home/h1000117/public_html/StockAPP-master/consulta.php on line 184
[15-Nov-2019 11:32:30 America/Costa_Rica] PHP Notice:  Undefined index: valor in /home/h1000117/public_html/StockAPP-master/consulta.php on line 185
[15-Nov-2019 11:32:30 America/Costa_Rica] PHP Notice:  Undefined index: rango in /home/h1000117/public_html/StockAPP-master/consulta.php on line 186
[15-Nov-2019 11:32:30 America/Costa_Rica] PHP Notice:  Undefined index: habilitada in /home/h1000117/public_html/StockAPP-master/consulta.php on line 187
[15-Nov-2019 11:32:30 America/Costa_Rica] PHP Notice:  Undefined index: id in /home/h1000117/public_html/StockAPP-master/consulta.php on line 188
[15-Nov-2019 11:32:30 America/Costa_Rica] PHP Notice:  Undefined index: moneda in /home/h1000117/public_html/StockAPP-master/consulta.php on line 189
[15-Nov-2019 11:32:30 America/Costa_Rica] PHP Notice:  Undefined index: signo in /home/h1000117/public_html/StockAPP-master/consulta.php on line 190
[15-Nov-2019 11:32:30 America/Costa_Rica] PHP Notice:  Undefined index: rango in /home/h1000117/public_html/StockAPP-master/consulta.php on line 192
[15-Nov-2019 11:32:30 America/Costa_Rica] PHP Notice:  Undefined index: habilitada in /home/h1000117/public_html/StockAPP-master/consulta.php on line 193
[15-Nov-2019 11:41:13 America/Costa_Rica] PHP Notice:  A non well formed numeric value encountered in /home/h1000117/public_html/StockAPP-master/consulta.php on line 182
[15-Nov-2019 11:44:27 America/Costa_Rica] PHP Fatal error:  Cannot use object of type mysqli_result as array in /home/h1000117/public_html/StockAPP-master/consulta.php on line 181
[15-Nov-2019 11:44:57 America/Costa_Rica] PHP Fatal error:  Cannot use object of type mysqli_result as array in /home/h1000117/public_html/StockAPP-master/consulta.php on line 181
[15-Nov-2019 11:45:02 America/Costa_Rica] PHP Fatal error:  Cannot use object of type mysqli_result as array in /home/h1000117/public_html/StockAPP-master/consulta.php on line 181
[15-Nov-2019 12:17:04 America/Costa_Rica] PHP Notice:  Undefined variable: TipoDeCambioActivoO in /home/h1000117/public_html/StockAPP-master/consulta.php on line 185
[15-Nov-2019 12:17:34 America/Costa_Rica] PHP Notice:  Undefined variable: TipoDeCambioActivoO in /home/h1000117/public_html/StockAPP-master/consulta.php on line 185
[15-Nov-2019 12:54:36 America/Costa_Rica] PHP Notice:  Use of undefined constant gmdate - assumed 'gmdate' in /home/h1000117/public_html/StockAPP-master/index.php on line 148
[15-Nov-2019 12:55:20 America/Costa_Rica] PHP Notice:  Use of undefined constant gmdate - assumed 'gmdate' in /home/h1000117/public_html/StockAPP-master/index.php on line 148
[15-Nov-2019 12:55:23 America/Costa_Rica] PHP Notice:  Use of undefined constant gmdate - assumed 'gmdate' in /home/h1000117/public_html/StockAPP-master/index.php on line 148
[15-Nov-2019 12:55:23 America/Costa_Rica] PHP Notice:  Use of undefined constant gmdate - assumed 'gmdate' in /home/h1000117/public_html/StockAPP-master/index.php on line 148
[15-Nov-2019 12:55:24 America/Costa_Rica] PHP Notice:  Use of undefined constant gmdate - assumed 'gmdate' in /home/h1000117/public_html/StockAPP-master/index.php on line 148
[15-Nov-2019 12:55:24 America/Costa_Rica] PHP Notice:  Use of undefined constant gmdate - assumed 'gmdate' in /home/h1000117/public_html/StockAPP-master/index.php on line 148
